2024-11-29 16:17:01-100900068 - Successfully logs in
2024-11-29 16:31:27-100900050 - Successfully logs in
2024-11-29 16:31:48-100900012 - Successfully logs in
2024-11-29 17:03:49-100900063 - Successfully logs in
2024-11-29 17:11:14-100900070 - Successfully logs in
2024-11-29 17:11:38-100900045 - Successfully logs in
2024-11-30 2:21:01 - 100900045 - Successfully logs in
2024-11-30 2:40:29 - 100900045 - UnSuccessful log in
2024-11-30 2:40:37 - 100900045 - Successfully logs in
2024-11-30 2:40:40 -  - Logs out
2024-11-30 2:41:31 - 100900045 - Successfully logs in
2024-11-30 2:41:33 - 100900045 - Logs out
2024-11-30 2:42:30 - 100900000 - Unsuccessful Registration
2024-11-30 2:44:13 - 100900063 - Successfully Registered
2024-11-30 2:44:22 - 100900063 - Successfully logs in
2024-11-30 2:44:24 - 100900063 - Logs out
2024-12-04 21:29:12 - 100900063 - Successfully logs in
2024-12-04 21:29:18 - 100900063 - Logs out successfully
2024-12-04 21:29:27 - 100900025 - Successfully logs in
2024-12-04 21:29:33 - 100900025 - Logs out successfully
2024-12-05 6:44:38 - 1009000251 - UnSuccessful log in
2024-12-05 6:45:40 - 100900025 - UnSuccessful log in
2024-12-05 6:49:59 - 100900025 - UnSuccessful log in
2024-12-05 6:50:04 - 100900025 - UnSuccessful log in
2024-12-05 7:00:23 - 100900090 - UnSuccessful log in
2024-12-05 7:00:35 - 100900015 - UnSuccessful log in
2024-12-05 7:00:42 - 100900090 - UnSuccessful log in
2024-12-05 7:01:04 - 100900090 - UnSuccessful log in
2024-12-05 7:01:13 - 100900090 - UnSuccessful log in
2024-12-05 7:01:30 - 100900090 - UnSuccessful log in
2024-12-05 7:01:43 - 100900090 - UnSuccessful log in
2024-12-05 17:06:59 - 100900065 - Successfully logs in
2024-12-05 17:07:03 - 100900065 - Logs out successfully
2024-12-05 17:09:57 - 100900065 - Brendan Obilo - Successfully Registered
2024-12-06 5:20:30 - 100900064 - Successfully logs in
2024-12-06 5:20:55 - 100900064 - Logs out successfully
2024-12-06 5:22:16 - 100900064 - Unsuccessful Registration
2024-12-06 5:23:07 - 100900064 - Brendan Obilo - Successfully Registered
2024-12-06 5:23:23 - 100900064 - Successfully logs in
2024-12-06 5:23:46 - 100900064 - Logs out successfully
2024-12-06 5:23:49 - 100900064 - UnSuccessful log in
2024-12-06 5:24:52 - 100900065 - Brendan Obilo - Successfully Registered
2024-12-06 5:25:51 - 100900064 - Successfully logs in
2024-12-06 5:26:07 - 100900064 - Logs out successfully
2024-12-06 5:26:19 - 100900025 - Successfully logs in
2024-12-06 5:26:34 - 100900025 - Logs out successfully
2024-12-06 15:09:45 - 100900000 - UnSuccessful log in
2024-12-06 15:10:00 - 100900000 - UnSuccessful log in
2024-12-06 15:11:21 - 100900040 - UnSuccessful log in
